


 ########  #          ######   #           #
 #         #         #      #   #         # 
 #####     #         #      #    #   #   #  
 #         #         #      #     # # # #   
 #         #######    ######       #   #    

Flow is a simulator for fully implicit three-phase black-oil flow, and is part of OPM.
For more information visit: https://opm-project.org 

Flow Version     =  2023.10 (lsb_release -d | sed s/.*:s+(.*)/1/: 2023.10-rfinal-1~focal)
Machine name     =  aaronyf-VirtualBox (Number of logical cores: 2, Memory size: 7901.38 MB) 
Operating system =  Linux x86_64 (Kernel: 5.15.0-121-generic, #131~20.04.1-Ubuntu SMP Mon Aug 12 13:09:56 UTC 2024 )
Build time       =  
User             =  aaronyf
Simulation started on 09-10-2024 at 02:43:43 hrs
Parameters used by Flow:
# [known parameters which were specified at run-time]
EclDeckFileName="SPE3" # default: ""
# [parameters which were specified at compile-time]
AcceleratorMode="none"
AllowDistributedWells="0"
AlternativeWellRateInit="1"
BdaDeviceId="0"
ContinueOnConvergenceError="0"
CprReuseInterval="30"
CprReuseSetup="4"
DbhpMaxRel="1"
DpMaxRel="0.3"
DsMax="0.2"
DwellFractionMax="0.2"
EclEnableDriftCompensation="1"
EclEnableTuning="0"
EclNewtonRelaxedTolerance="1e+09"
EclNewtonRelaxedVolumeFraction="0.03"
EclNewtonStrictIterations="8"
EclNewtonSumTolerance="0.0001"
EclNewtonSumToleranceExponent="0.333333"
EclOutputDoublePrecision="0"
EclOutputInterval="-1"
EdgeWeightsMethod="1"
EnableAdaptiveTimeStepping="1"
EnableAsyncEclOutput="1"
EnableAsyncVtkOutput="1"
EnableDryRun="auto"
EnableEclOutput="1"
EnableEsmry="0"
EnableGravity="1"
EnableGridAdaptation="0"
EnableIntensiveQuantityCache="1"
EnableLoggingFalloutWarning="0"
EnableOpmRstFile="0"
EnableStorageCache="1"
EnableTerminalOutput="1"
EnableThermodynamicHints="0"
EnableTuning="0"
EnableVtkOutput="0"
EnableWellOperabilityCheck="1"
EnableWellOperabilityCheckIter="0"
EnableWriteAllSolutions="0"
EndTime="1e+100"
ForceDisableFluidInPlaceOutput="0"
ForceDisableResvFluidInPlaceOutput="0"
FullTimeStepInitially="0"
IgnoreKeywords=""
IluFillinLevel="0"
IluRedblack="0"
IluRelaxation="0.9"
IluReorderSpheres="0"
InitialTimeStepInDays="1"
InitialTimeStepSize="86400"
LinearSolver="ilu0"
LinearSolverIgnoreConvergenceFailure="0"
LinearSolverMaxIter="200"
LinearSolverPrintJsonDefinition="1"
LinearSolverReduction="0.01"
LinearSolverRestart="40"
LinearSolverVerbosity="0"
LoadFile=""
LoadStep="-1"
LocalDomainsOrderingMeasure="pressure"
LocalDomainsPartitioningImbalance="1.03"
LocalDomainsPartitioningMethod="zoltan"
LocalSolveApproach="jacobi"
LocalToleranceScalingCnv="0.01"
LocalToleranceScalingMb="1"
LocalWellSolveControlSwitching="0"
MatrixAddWellContributions="0"
MaxInnerIterMsWells="100"
MaxInnerIterWells="50"
MaxLocalSolveIterations="20"
MaxNewtonIterationsWithInnerWellIterations="8"
MaxPressureChangeMsWells="1e+06"
MaxResidualAllowed="1e+07"
MaxSinglePrecisionDays="20"
MaxTemperatureChange="5"
MaxTimeStepDivisions="10"
MaxTimeStepSize="inf"
MaxWelleqIter="30"
MaximumNumberOfWellSwitches="3"
MaximumWaterSaturation="1"
MiluVariant="ILU"
MinStrictCnvIter="0"
MinTimeStepBasedOnNewtonIterations="0"
MinTimeStepBeforeShuttingProblematicWellsInDays="0.01"
MinTimeStepSize="0"
NetworkMaxIterations="200"
NetworkMaxStrictIterations="100"
NewtonMaxError="1e+10"
NewtonMaxIterations="20"
NewtonMaxRelax="0.5"
NewtonMinIterations="1"
NewtonRelaxationType="dampen"
NewtonTargetIterations="6"
NewtonTolerance="0.01"
NewtonVerbose="1"
NewtonWriteConvergence="0"
NlddNumInitialNewtonIter="1"
NonlinearSolver="newton"
NumLocalDomains="0"
NumPressurePointsEquil="2000"
OpenclIluParallel="1"
OpenclPlatformId="0"
OutputDir=""
OutputExtraConvergenceInfo="none"
OutputInterval="1"
OutputMode="all"
OwnerCellsFirst="1"
ParameterFile=""
ParsingStrictness="normal"
PredeterminedTimeStepsFile=""
PriVarOscilationThreshold="1e-05"
PrintParameters="2"
PrintProperties="2"
ProjectSaturations="0"
RegularizationFactorWells="100"
RelaxedLinearSolverReduction="0.01"
RelaxedMaxPvFraction="0.03"
RelaxedPressureTolMsw="10000"
RelaxedWellFlowTol="0.001"
RestartTime="-1e+35"
RestartWritingInterval="16777215"
SaveFile=""
SaveStep=""
ScaleLinearSystem="0"
SchedRestart="0"
SerialPartitioning="0"
ShutUnsolvableWells="1"
SolveWelleqInitially="1"
SolverContinueOnConvergenceFailure="0"
SolverGrowthFactor="2"
SolverMaxGrowth="3"
SolverMaxRestarts="10"
SolverMaxTimeStepInDays="365"
SolverMinTimeStep="1e-12"
SolverRestartFactor="0.33"
SolverVerbosity="1"
StrictInnerIterWells="40"
StrictOuterIterWells="6"
TemperatureMax="1e+09"
TemperatureMin="0"
ThreadsPerProcess="-1"
TimeStepAfterEventInDays="-1"
TimeStepControl="pid+newtoniteration"
TimeStepControlDecayDampingFactor="1"
TimeStepControlDecayRate="0.75"
TimeStepControlFileName="timesteps"
TimeStepControlGrowthDampingFactor="3.2"
TimeStepControlGrowthRate="1.25"
TimeStepControlTargetIterations="30"
TimeStepControlTargetNewtonIterations="8"
TimeStepControlTolerance="0.1"
TimeStepVerbosity="1"
ToleranceCnv="0.01"
ToleranceCnvRelaxed="1"
ToleranceMb="1e-06"
TolerancePressureMsWells="1000"
ToleranceWellControl="1e-07"
ToleranceWells="0.0001"
UpdateEquationsScaling="0"
UseAverageDensityMsWells="0"
UseGmres="0"
UseMultisegmentWell="1"
UseUpdateStabilization="1"
VtkWriteAverageMolarMasses="0"
VtkWriteDensities="1"
VtkWriteDiffusionCoefficients="0"
VtkWriteDofIndex="0"
VtkWriteEclTracerConcentration="0"
VtkWriteEffectiveDiffusionCoefficients="0"
VtkWriteExtrusionFactor="0"
VtkWriteFilterVelocities="0"
VtkWriteFugacities="0"
VtkWriteFugacityCoeffs="0"
VtkWriteGasDissolutionFactor="0"
VtkWriteGasFormationVolumeFactor="0"
VtkWriteGasSaturationPressure="0"
VtkWriteIntrinsicPermeabilities="0"
VtkWriteMassFractions="0"
VtkWriteMobilities="0"
VtkWriteMolarities="0"
VtkWriteMoleFractions="1"
VtkWriteOilFormationVolumeFactor="0"
VtkWriteOilSaturationPressure="0"
VtkWriteOilVaporizationFactor="0"
VtkWritePorosity="1"
VtkWritePotentialGradients="0"
VtkWritePressures="1"
VtkWritePrimaryVars="0"
VtkWritePrimaryVarsMeaning="0"
VtkWriteProcessRank="0"
VtkWriteRelativePermeabilities="1"
VtkWriteSaturatedGasOilVaporizationFactor="0"
VtkWriteSaturatedOilGasDissolutionFactor="0"
VtkWriteSaturationRatios="0"
VtkWriteSaturations="1"
VtkWriteTemperature="1"
VtkWriteTortuosities="0"
VtkWriteTotalMassFractions="0"
VtkWriteTotalMoleFractions="0"
VtkWriteViscosities="0"
VtkWriteWaterFormationVolumeFactor="0"
WaterOnlyThreshold="1"
ZoltanImbalanceTol="1.1"
ZoltanParams="graph"

Reading deck file 'SPE3.DATA'
    0 Reading RUNSPEC  in SPE3.DATA line 18
    1 Reading TITLE    in SPE3.DATA line 21
    2 Reading DIMENS   in SPE3.DATA line 23
    3 Reading OIL      in SPE3.DATA line 25
    4 Reading GAS      in SPE3.DATA line 26
    5 Reading WATER    in SPE3.DATA line 27
    6 Reading VAPOIL   in SPE3.DATA line 28
    7 Reading DISGAS   in SPE3.DATA line 29
    8 Reading FIELD    in SPE3.DATA line 31
    9 Reading START    in SPE3.DATA line 33
   10 Reading WELLDIMS in SPE3.DATA line 36
   11 Reading TABDIMS  in SPE3.DATA line 47
   12 Reading EQLDIMS  in SPE3.DATA line 52
   13 Reading UNIFOUT  in SPE3.DATA line 56
   14 Reading GRID     in SPE3.DATA line 58
   15 Reading INIT     in SPE3.DATA line 65
   16 Reading NOECHO   in SPE3.DATA line 70
   17 Reading DX       in SPE3.DATA line 71
   18 Reading DY       in SPE3.DATA line 74
   19 Reading DZ       in SPE3.DATA line 77
   20 Reading TOPS     in SPE3.DATA line 82
   21 Reading PORO     in SPE3.DATA line 91
   22 Reading PERMX    in SPE3.DATA line 96
   23 Reading PERMY    in SPE3.DATA line 102
   24 Reading PERMZ    in SPE3.DATA line 105
   25 Reading ECHO     in SPE3.DATA line 109
   26 Reading PROPS    in SPE3.DATA line 111
   27 Reading ROCK     in SPE3.DATA line 114
   28 Reading SGOF     in SPE3.DATA line 122
   29 Reading SWOF     in SPE3.DATA line 153
   30 Reading DENSITY  in SPE3.DATA line 191
   31 Reading PVTW     in SPE3.DATA line 196
   32 Reading PVTO     in SPE3.DATA line 219
   33 Reading PVTG     in SPE3.DATA line 289
   34 Reading SOLUTION in SPE3.DATA line 313
   35 Reading EQUIL    in SPE3.DATA line 315
   36 Reading SUMMARY  in SPE3.DATA line 340
   37 Reading WOPR     in SPE3.DATA line 342
   38 Reading FOPR     in SPE3.DATA line 346
   39 Reading WOPT     in SPE3.DATA line 348
   40 Reading FOPT     in SPE3.DATA line 352
   41 Reading BOSAT    in SPE3.DATA line 354
   42 Reading BRS      in SPE3.DATA line 359
   43 Reading WBHP     in SPE3.DATA line 369
   44 Reading WGIR     in SPE3.DATA line 373
   45 Reading WGPR     in SPE3.DATA line 381
   46 Reading WOIR     in SPE3.DATA line 389
   47 Reading WWIR     in SPE3.DATA line 405
   48 Reading WWPR     in SPE3.DATA line 413
   49 Reading SCHEDULE in SPE3.DATA line 422
   50 Reading RPTRST   in SPE3.DATA line 424
   51 Reading WELSPECS in SPE3.DATA line 435
   52 Reading COMPDAT  in SPE3.DATA line 447
   53 Reading WCONPROD in SPE3.DATA line 457
   54 Reading WCONINJE in SPE3.DATA line 465
   55 Reading TSTEP    in SPE3.DATA line 473
   56 Reading WCONINJE in SPE3.DATA line 489
   57 Reading TSTEP    in SPE3.DATA line 494

Warning: Unsupported keywords or keyword items:

  NOECHO: keyword not supported
  In file: SPE3.DATA, line 70

  ECHO: keyword not supported
  In file: SPE3.DATA, line 109

Creating grid from keywords DX, DY, DZ and TOPS

Error: 
An error occurred while creating the reservoir properties
Internal error: Fundamental error with keyword: PERMX at: SPE3.DATA, line: 96 got 325 elements - expected : 324


Error: Unrecoverable errors while loading input: Fundamental error with keyword: PERMX at: SPE3.DATA, line: 96 got 325 elements - expected : 324


Error summary:
Warnings          1
Info              60
Errors            2
Bugs              0
Debug             0
Problems          0

